[debug] [2024-06-26T05:48:19.413Z] ----------------------------------------------------------------------
[debug] [2024-06-26T05:48:19.416Z] Command:       C:\Program Files\nodejs\node.exe C:\Users\hp\AppData\Roaming\npm\node_modules\firebase-tools\lib\bin\firebase.js init
[debug] [2024-06-26T05:48:19.417Z] CLI Version:   13.11.4
[debug] [2024-06-26T05:48:19.417Z] Platform:      win32
[debug] [2024-06-26T05:48:19.417Z] Node Version:  v20.15.0
[debug] [2024-06-26T05:48:19.417Z] Time:          Wed Jun 26 2024 11:18:19 GMT+0530 (India Standard Time)
[debug] [2024-06-26T05:48:19.417Z] ----------------------------------------------------------------------
[debug] 
[debug] [2024-06-26T05:48:19.422Z] >>> [apiv2][query] GET https://firebase-public.firebaseio.com/cli.json [none]
[debug] [2024-06-26T05:48:19.484Z] > command requires scopes: ["email","openid","https://www.googleapis.com/auth/cloudplatformprojects.readonly","https://www.googleapis.com/auth/firebase","https://www.googleapis.com/auth/cloud-platform"]
[debug] [2024-06-26T05:48:19.485Z] > authorizing via signed-in user (dhakadhariom007@gmail.com)
[info] 
     ######## #### ########  ######## ########     ###     ######  ########
     ##        ##  ##     ## ##       ##     ##  ##   ##  ##       ##
     ######    ##  ########  ######   ########  #########  ######  ######
     ##        ##  ##    ##  ##       ##     ## ##     ##       ## ##
     ##       #### ##     ## ######## ########  ##     ##  ######  ########

You're about to initialize a Firebase project in this directory:

  C:\Users\hp\OneDrive\Desktop\Amazing-Portfolio-website\animated_portfolio_website

[debug] [2024-06-26T05:48:20.597Z] <<< [apiv2][status] GET https://firebase-public.firebaseio.com/cli.json 200
[debug] [2024-06-26T05:48:20.598Z] <<< [apiv2][body] GET https://firebase-public.firebaseio.com/cli.json {"cloudBuildErrorAfter":1594252800000,"cloudBuildWarnAfter":1590019200000,"defaultNode10After":1594252800000,"minVersion":"3.0.5","node8DeploysDisabledAfter":1613390400000,"node8RuntimeDisabledAfter":1615809600000,"node8WarnAfter":1600128000000}
[info] 
=== Project Setup
[info] 
[info] First, let's associate this project directory with a Firebase project.
[info] You can create multiple project aliases by running firebase use --add, 
[info] but for now we'll just set up a default project.
[info] 
[debug] [2024-06-26T05:48:49.414Z] > refreshing access token with scopes: []
[debug] [2024-06-26T05:48:49.416Z] >>> [apiv2][query] POST https://www.googleapis.com/oauth2/v3/token [none]
[debug] [2024-06-26T05:48:49.416Z] >>> [apiv2][body] POST https://www.googleapis.com/oauth2/v3/token [omitted]
[debug] [2024-06-26T05:48:50.184Z] <<< [apiv2][status] POST https://www.googleapis.com/oauth2/v3/token 200
[debug] [2024-06-26T05:48:50.184Z] <<< [apiv2][body] POST https://www.googleapis.com/oauth2/v3/token [omitted]
[debug] [2024-06-26T05:48:50.207Z] >>> [apiv2][query] GET https://firebase.googleapis.com/v1beta1/projects pageSize=100
[debug] [2024-06-26T05:48:51.307Z] <<< [apiv2][status] GET https://firebase.googleapis.com/v1beta1/projects 200
[debug] [2024-06-26T05:48:51.308Z] <<< [apiv2][body] GET https://firebase.googleapis.com/v1beta1/projects [omitted]
[info] i  Using project hariom-portfolio (Portfolio) 
[info] 
=== Hosting Setup
[debug] [2024-06-26T05:49:00.337Z] >>> [apiv2][query] GET https://firebase.googleapis.com/v1beta1/projects/hariom-portfolio [none]
[debug] [2024-06-26T05:49:01.135Z] <<< [apiv2][status] GET https://firebase.googleapis.com/v1beta1/projects/hariom-portfolio 200
[debug] [2024-06-26T05:49:01.135Z] <<< [apiv2][body] GET https://firebase.googleapis.com/v1beta1/projects/hariom-portfolio {"projectId":"hariom-portfolio","projectNumber":"474201542484","displayName":"Portfolio","name":"projects/hariom-portfolio","resources":{"hostingSite":"hariom-portfolio"},"state":"ACTIVE","etag":"1_d8d21d2d-6afd-46f1-a389-e406c660dc64"}
[info] 
[info] Your public directory is the folder (relative to your project directory) that
[info] will contain Hosting assets to be uploaded with firebase deploy. If you
[info] have a build process for your assets, use your build's output directory.
[info] 
